# JRE version: OpenJDK Runtime Environment Zulu11.48+21-CA (11.0.11+9) (build 11.0.11+9-LTS)
# Java VM: OpenJDK 64-Bit Server VM Zulu11.48+21-CA (11.0.11+9-LTS, mixed mode, tiered, compressed oops, parallel gc, windows-amd64)
Heap:
 PSYoungGen      total 17408K, used 9861K [0x00000000eab00000, 0x00000000ebe00000, 0x0000000100000000)
  eden space 16896K, 58% used [0x00000000eab00000,0x00000000eb499770,0x00000000ebb80000)
  from space 512K, 6% used [0x00000000ebd80000,0x00000000ebd88000,0x00000000ebe00000)
  to   space 512K, 0% used [0x00000000ebd00000,0x00000000ebd00000,0x00000000ebd80000)
 ParOldGen       total 189440K, used 188004K [0x00000000c0000000, 0x00000000cb900000, 0x00000000eab00000)
  object space 189440K, 99% used [0x00000000c0000000,0x00000000cb7992d0,0x00000000cb900000)
 Metaspace       used 85005K, capacity 88886K, committed 89176K, reserved 1128448K
  class space    used 8019K, capacity 9449K, committed 9600K, reserved 1048576K
GC Heap History (20 events):
Event: 2147.761 GC heap before
{Heap before GC invocations=1385 (full 37):
 PSYoungGen      total 12800K, used 12312K [0x00000000eab00000, 0x00000000ebb00000, 0x0000000100000000)
  eden space 11264K, 97% used [0x00000000eab00000,0x00000000eb5b5048,0x00000000eb600000)
  from space 1536K, 87% used [0x00000000eb980000,0x00000000ebad1210,0x00000000ebb00000)
  to   space 2048K, 0% used [0x00000000eb700000,0x00000000eb700000,0x00000000eb900000)
 ParOldGen       total 177664K, used 137338K [0x00000000c0000000, 0x00000000cad80000, 0x00000000eab00000)
  object space 177664K, 77% used [0x00000000c0000000,0x00000000c861ea30,0x00000000cad80000)
 Metaspace       used 84959K, capacity 88886K, committed 89176K, reserved 1128448K
  class space    used 8019K, capacity 9449K, committed 9600K, reserved 1048576K
}
Event: 2147.770 GC heap after
{Heap after GC invocations=1385 (full 37):
 PSYoungGen      total 14336K, used 2041K [0x00000000eab00000, 0x00000000ec780000, 0x0000000100000000)
  eden space 12288K, 0% used [0x00000000eab00000,0x00000000eab00000,0x00000000eb700000)
  from space 2048K, 99% used [0x00000000eb700000,0x00000000eb8fe4c8,0x00000000eb900000)
  to   space 7680K, 0% used [0x00000000ec000000,0x00000000ec000000,0x00000000ec780000)
 ParOldGen       total 177664K, used 141888K [0x00000000c0000000, 0x00000000cad80000, 0x00000000eab00000)
  object space 177664K, 79% used [0x00000000c0000000,0x00000000c8a902e0,0x00000000cad80000)
 Metaspace       used 84959K, capacity 88886K, committed 89176K, reserved 1128448K
  class space    used 8019K, capacity 9449K, committed 9600K, reserved 1048576K
}
Event: 2147.819 GC heap before
{Heap before GC invocations=1386 (full 37):
 PSYoungGen      total 14336K, used 14329K [0x00000000eab00000, 0x00000000ec780000, 0x0000000100000000)
  eden space 12288K, 100% used [0x00000000eab00000,0x00000000eb700000,0x00000000eb700000)
  from space 2048K, 99% used [0x00000000eb700000,0x00000000eb8fe4c8,0x00000000eb900000)
  to   space 7680K, 0% used [0x00000000ec000000,0x00000000ec000000,0x00000000ec780000)
 ParOldGen       total 177664K, used 141888K [0x00000000c0000000, 0x00000000cad80000, 0x00000000eab00000)
  object space 177664K, 79% used [0x00000000c0000000,0x00000000c8a902e0,0x00000000cad80000)
 Metaspace       used 84959K, capacity 88886K, committed 89176K, reserved 1128448K
  class space    used 8019K, capacity 9449K, committed 9600K, reserved 1048576K
}
Event: 2147.833 GC heap after
{Heap after GC invocations=1386 (full 37):
 PSYoungGen      total 21504K, used 7089K [0x00000000eab00000, 0x00000000ec880000, 0x0000000100000000)
  eden space 13824K, 0% used [0x00000000eab00000,0x00000000eab00000,0x00000000eb880000)
  from space 7680K, 92% used [0x00000000ec000000,0x00000000ec6ec400,0x00000000ec780000)
  to   space 7680K, 0% used [0x00000000eb880000,0x00000000eb880000,0x00000000ec000000)
 ParOldGen       total 177664K, used 143926K [0x00000000c0000000, 0x00000000cad80000, 0x00000000eab00000)
  object space 177664K, 81% used [0x00000000c0000000,0x00000000c8c8d9c0,0x00000000cad80000)
 Metaspace       used 84959K, capacity 88886K, committed 89176K, reserved 1128448K
  class space    used 8019K, capacity 9449K, committed 9600K, reserved 1048576K
}
Event: 2147.901 GC heap before
{Heap before GC invocations=1387 (full 37):
 PSYoungGen      total 21504K, used 20913K [0x00000000eab00000, 0x00000000ec880000, 0x0000000100000000)
  eden space 13824K, 100% used [0x00000000eab00000,0x00000000eb880000,0x00000000eb880000)
  from space 7680K, 92% used [0x00000000ec000000,0x00000000ec6ec400,0x00000000ec780000)
  to   space 7680K, 0% used [0x00000000eb880000,0x00000000eb880000,0x00000000ec000000)
 ParOldGen       total 177664K, used 143926K [0x00000000c0000000, 0x00000000cad80000, 0x00000000eab00000)
  object space 177664K, 81% used [0x00000000c0000000,0x00000000c8c8d9c0,0x00000000cad80000)
 Metaspace       used 84962K, capacity 88886K, committed 89176K, reserved 1128448K
  class space    used 8019K, capacity 9449K, committed 9600K, reserved 1048576K
}
Event: 2147.910 GC heap after
{Heap after GC invocations=1387 (full 37):
 PSYoungGen      total 21504K, used 2572K [0x00000000eab00000, 0x00000000ec480000, 0x0000000100000000)
  eden space 13824K, 0% used [0x00000000eab00000,0x00000000eab00000,0x00000000eb880000)
  from space 7680K, 33% used [0x00000000eb880000,0x00000000ebb03250,0x00000000ec000000)
  to   space 4608K, 0% used [0x00000000ec000000,0x00000000ec000000,0x00000000ec480000)
 ParOldGen       total 177664K, used 150073K [0x00000000c0000000, 0x00000000cad80000, 0x00000000eab00000)
  object space 177664K, 84% used [0x00000000c0000000,0x00000000c928e738,0x00000000cad80000)
 Metaspace       used 84962K, capacity 88886K, committed 89176K, reserved 1128448K
  class space    used 8019K, capacity 9449K, committed 9600K, reserved 1048576K
}
Event: 2147.973 GC heap before
{Heap before GC invocations=1388 (full 37):
 PSYoungGen      total 21504K, used 16396K [0x00000000eab00000, 0x00000000ec480000, 0x0000000100000000)
  eden space 13824K, 100% used [0x00000000eab00000,0x00000000eb880000,0x00000000eb880000)
  from space 7680K, 33% used [0x00000000eb880000,0x00000000ebb03250,0x00000000ec000000)
  to   space 4608K, 0% used [0x00000000ec000000,0x00000000ec000000,0x00000000ec480000)
 ParOldGen       total 177664K, used 150073K [0x00000000c0000000, 0x00000000cad80000, 0x00000000eab00000)
  object space 177664K, 84% used [0x00000000c0000000,0x00000000c928e738,0x00000000cad80000)
 Metaspace       used 84962K, capacity 88886K, committed 89176K, reserved 1128448K
  class space    used 8019K, capacity 9449K, committed 9600K, reserved 1048576K
}
Event: 2147.977 GC heap after
{Heap after GC invocations=1388 (full 37):
 PSYoungGen      total 18432K, used 4404K [0x00000000eab00000, 0x00000000ec480000, 0x0000000100000000)
  eden space 13824K, 0% used [0x00000000eab00000,0x00000000eab00000,0x00000000eb880000)
  from space 4608K, 95% used [0x00000000ec000000,0x00000000ec44d200,0x00000000ec480000)
  to   space 5120K, 0% used [0x00000000eba80000,0x00000000eba80000,0x00000000ebf80000)
 ParOldGen       total 177664K, used 152560K [0x00000000c0000000, 0x00000000cad80000, 0x00000000eab00000)
  object space 177664K, 85% used [0x00000000c0000000,0x00000000c94fc120,0x00000000cad80000)
 Metaspace       used 84962K, capacity 88886K, committed 89176K, reserved 1128448K
  class space    used 8019K, capacity 9449K, committed 9600K, reserved 1048576K
}
Event: 2148.028 GC heap before
{Heap before GC invocations=1389 (full 37):
 PSYoungGen      total 18432K, used 18228K [0x00000000eab00000, 0x00000000ec480000, 0x0000000100000000)
  eden space 13824K, 100% used [0x00000000eab00000,0x00000000eb880000,0x00000000eb880000)
  from space 4608K, 95% used [0x00000000ec000000,0x00000000ec44d200,0x00000000ec480000)
  to   space 5120K, 0% used [0x00000000eba80000,0x00000000eba80000,0x00000000ebf80000)
 ParOldGen       total 177664K, used 152560K [0x00000000c0000000, 0x00000000cad80000, 0x00000000eab00000)
  object space 177664K, 85% used [0x00000000c0000000,0x00000000c94fc120,0x00000000cad80000)
 Metaspace       used 84965K, capacity 88886K, committed 89176K, reserved 1128448K
  class space    used 8019K, capacity 9449K, committed 9600K, reserved 1048576K
}
Event: 2148.035 GC heap after
{Heap after GC invocations=1389 (full 37):
 PSYoungGen      total 14848K, used 724K [0x00000000eab00000, 0x00000000ec080000, 0x0000000100000000)
  eden space 13824K, 0% used [0x00000000eab00000,0x00000000eab00000,0x00000000eb880000)
  from space 1024K, 70% used [0x00000000eba80000,0x00000000ebb35200,0x00000000ebb80000)
  to   space 2560K, 0% used [0x00000000ebe00000,0x00000000ebe00000,0x00000000ec080000)
 ParOldGen       total 177664K, used 156832K [0x00000000c0000000, 0x00000000cad80000, 0x00000000eab00000)
  object space 177664K, 88% used [0x00000000c0000000,0x00000000c9928230,0x00000000cad80000)
 Metaspace       used 84965K, capacity 88886K, committed 89176K, reserved 1128448K
  class space    used 8019K, capacity 9449K, committed 9600K, reserved 1048576K
}
Event: 2148.108 GC heap before
{Heap before GC invocations=1390 (full 37):
 PSYoungGen      total 14848K, used 14548K [0x00000000eab00000, 0x00000000ec080000, 0x0000000100000000)
  eden space 13824K, 100% used [0x00000000eab00000,0x00000000eb880000,0x00000000eb880000)
  from space 1024K, 70% used [0x00000000eba80000,0x00000000ebb35200,0x00000000ebb80000)
  to   space 2560K, 0% used [0x00000000ebe00000,0x00000000ebe00000,0x00000000ec080000)
 ParOldGen       total 177664K, used 156832K [0x00000000c0000000, 0x00000000cad80000, 0x00000000eab00000)
  object space 177664K, 88% used [0x00000000c0000000,0x00000000c9928230,0x00000000cad80000)
 Metaspace       used 84971K, capacity 88886K, committed 89176K, reserved 1128448K
  class space    used 8019K, capacity 9449K, committed 9600K, reserved 1048576K
}
Event: 2148.112 GC heap after
{Heap after GC invocations=1390 (full 37):
 PSYoungGen      total 14336K, used 500K [0x00000000eab00000, 0x00000000ebe80000, 0x0000000100000000)
  eden space 13824K, 0% used [0x00000000eab00000,0x00000000eab00000,0x00000000eb880000)
  from space 512K, 97% used [0x00000000ebe00000,0x00000000ebe7d200,0x00000000ebe80000)
  to   space 1024K, 0% used [0x00000000ebc80000,0x00000000ebc80000,0x00000000ebd80000)
 ParOldGen       total 177664K, used 156992K [0x00000000c0000000, 0x00000000cad80000, 0x00000000eab00000)
  object space 177664K, 88% used [0x00000000c0000000,0x00000000c9950250,0x00000000cad80000)
 Metaspace       used 84971K, capacity 88886K, committed 89176K, reserved 1128448K
  class space    used 8019K, capacity 9449K, committed 9600K, reserved 1048576K
}
Event: 2150.657 GC heap before
{Heap before GC invocations=1391 (full 37):
 PSYoungGen      total 14336K, used 14324K [0x00000000eab00000, 0x00000000ebe80000, 0x0000000100000000)
  eden space 13824K, 100% used [0x00000000eab00000,0x00000000eb880000,0x00000000eb880000)
  from space 512K, 97% used [0x00000000ebe00000,0x00000000ebe7d200,0x00000000ebe80000)
  to   space 1024K, 0% used [0x00000000ebc80000,0x00000000ebc80000,0x00000000ebd80000)
 ParOldGen       total 177664K, used 156992K [0x00000000c0000000, 0x00000000cad80000, 0x00000000eab00000)
  object space 177664K, 88% used [0x00000000c0000000,0x00000000c9950250,0x00000000cad80000)
 Metaspace       used 84972K, capacity 88886K, committed 89176K, reserved 1128448K
  class space    used 8019K, capacity 9449K, committed 9600K, reserved 1048576K
}
Event: 2150.661 GC heap after
{Heap after GC invocations=1391 (full 37):
 PSYoungGen      total 14848K, used 538K [0x00000000eab00000, 0x00000000ebe80000, 0x0000000100000000)
  eden space 13824K, 0% used [0x00000000eab00000,0x00000000eab00000,0x00000000eb880000)
  from space 1024K, 52% used [0x00000000ebc80000,0x00000000ebd06900,0x00000000ebd80000)
  to   space 1024K, 0% used [0x00000000ebd80000,0x00000000ebd80000,0x00000000ebe80000)
 ParOldGen       total 177664K, used 157024K [0x00000000c0000000, 0x00000000cad80000, 0x00000000eab00000)
  object space 177664K, 88% used [0x00000000c0000000,0x00000000c9958250,0x00000000cad80000)
 Metaspace       used 84972K, capacity 88886K, committed 89176K, reserved 1128448K
  class space    used 8019K, capacity 9449K, committed 9600K, reserved 1048576K
}
Event: 2221.648 GC heap before
{Heap before GC invocations=1392 (full 37):
 PSYoungGen      total 14848K, used 14362K [0x00000000eab00000, 0x00000000ebe80000, 0x0000000100000000)
  eden space 13824K, 100% used [0x00000000eab00000,0x00000000eb880000,0x00000000eb880000)
  from space 1024K, 52% used [0x00000000ebc80000,0x00000000ebd06900,0x00000000ebd80000)
  to   space 1024K, 0% used [0x00000000ebd80000,0x00000000ebd80000,0x00000000ebe80000)
 ParOldGen       total 177664K, used 157024K [0x00000000c0000000, 0x00000000cad80000, 0x00000000eab00000)
  object space 177664K, 88% used [0x00000000c0000000,0x00000000c9958250,0x00000000cad80000)
 Metaspace       used 84983K, capacity 88886K, committed 89176K, reserved 1128448K
  class space    used 8019K, capacity 9449K, committed 9600K, reserved 1048576K
}
Event: 2221.652 GC heap after
{Heap after GC invocations=1392 (full 37):
 PSYoungGen      total 14336K, used 474K [0x00000000eab00000, 0x00000000ebe00000, 0x0000000100000000)
  eden space 13824K, 0% used [0x00000000eab00000,0x00000000eab00000,0x00000000eb880000)
  from space 512K, 92% used [0x00000000ebd80000,0x00000000ebdf6900,0x00000000ebe00000)
  to   space 512K, 0% used [0x00000000ebd00000,0x00000000ebd00000,0x00000000ebd80000)
 ParOldGen       total 177664K, used 157032K [0x00000000c0000000, 0x00000000cad80000, 0x00000000eab00000)
  object space 177664K, 88% used [0x00000000c0000000,0x00000000c995a250,0x00000000cad80000)
 Metaspace       used 84983K, capacity 88886K, committed 89176K, reserved 1128448K
  class space    used 8019K, capacity 9449K, committed 9600K, reserved 1048576K
}
Event: 2223.996 GC heap before
{Heap before GC invocations=1393 (full 37):
 PSYoungGen      total 14336K, used 11558K [0x00000000eab00000, 0x00000000ebe00000, 0x0000000100000000)
  eden space 13824K, 80% used [0x00000000eab00000,0x00000000eb5d2fa0,0x00000000eb880000)
  from space 512K, 92% used [0x00000000ebd80000,0x00000000ebdf6900,0x00000000ebe00000)
  to   space 512K, 0% used [0x00000000ebd00000,0x00000000ebd00000,0x00000000ebd80000)
 ParOldGen       total 189440K, used 187752K [0x00000000c0000000, 0x00000000cb900000, 0x00000000eab00000)
  object space 189440K, 99% used [0x00000000c0000000,0x00000000cb75a280,0x00000000cb900000)
 Metaspace       used 84998K, capacity 88886K, committed 89176K, reserved 1128448K
  class space    used 8019K, capacity 9449K, committed 9600K, reserved 1048576K
}
Event: 2223.998 GC heap after
{Heap after GC invocations=1393 (full 37):
 PSYoungGen      total 14336K, used 272K [0x00000000eab00000, 0x00000000ebe00000, 0x0000000100000000)
  eden space 13824K, 0% used [0x00000000eab00000,0x00000000eab00000,0x00000000eb880000)
  from space 512K, 53% used [0x00000000ebd00000,0x00000000ebd44010,0x00000000ebd80000)
  to   space 512K, 0% used [0x00000000ebd80000,0x00000000ebd80000,0x00000000ebe00000)
 ParOldGen       total 189440K, used 187776K [0x00000000c0000000, 0x00000000cb900000, 0x00000000eab00000)
  object space 189440K, 99% used [0x00000000c0000000,0x00000000cb760280,0x00000000cb900000)
 Metaspace       used 84998K, capacity 88886K, committed 89176K, reserved 1128448K
  class space    used 8019K, capacity 9449K, committed 9600K, reserved 1048576K
}
Event: 2224.000 GC heap before
{Heap before GC invocations=1394 (full 37):
 PSYoungGen      total 14336K, used 8110K [0x00000000eab00000, 0x00000000ebe00000, 0x0000000100000000)
  eden space 13824K, 56% used [0x00000000eab00000,0x00000000eb2a7ad8,0x00000000eb880000)
  from space 512K, 53% used [0x00000000ebd00000,0x00000000ebd44010,0x00000000ebd80000)
  to   space 512K, 0% used [0x00000000ebd80000,0x00000000ebd80000,0x00000000ebe00000)
 ParOldGen       total 189440K, used 187776K [0x00000000c0000000, 0x00000000cb900000, 0x00000000eab00000)
  object space 189440K, 99% used [0x00000000c0000000,0x00000000cb760280,0x00000000cb900000)
 Metaspace       used 84998K, capacity 88886K, committed 89176K, reserved 1128448K
  class space    used 8019K, capacity 9449K, committed 9600K, reserved 1048576K
}
Event: 2224.002 GC heap after
{Heap after GC invocations=1394 (full 37):
 PSYoungGen      total 17408K, used 32K [0x00000000eab00000, 0x00000000ebe00000, 0x0000000100000000)
  eden space 16896K, 0% used [0x00000000eab00000,0x00000000eab00000,0x00000000ebb80000)
  from space 512K, 6% used [0x00000000ebd80000,0x00000000ebd88000,0x00000000ebe00000)
  to   space 512K, 0% used [0x00000000ebd00000,0x00000000ebd00000,0x00000000ebd80000)
 ParOldGen       total 189440K, used 188004K [0x00000000c0000000, 0x00000000cb900000, 0x00000000eab00000)
  object space 189440K, 99% used [0x00000000c0000000,0x00000000cb7992d0,0x00000000cb900000)
 Metaspace       used 84998K, capacity 88886K, committed 89176K, reserved 1128448K
  class space    used 8019K, capacity 9449K, committed 9600K, reserved 1048576K
}

